2026-06-19 09:53:32 [info] Inicio del proceso de exportacion.
2026-06-19 09:53:32 [error] Error durante el proceso de exportacion. {"error":{"message":"Falta configurar la variable de entorno MYSQL_HOST.","stack":"Error: Falta configurar la variable de entorno MYSQL_HOST.\n    at getRequiredEnv (C:\\Users\\Alberto Corona\\OneDrive - Operadora Palermo\\Documentos\\NODEJS\\Friedman\\src\\index.js:134:11)\n    at getMySqlConfig (C:\\Users\\Alberto Corona\\OneDrive - Operadora Palermo\\Documentos\\NODEJS\\Friedman\\src\\index.js:112:11)\n    at main (C:\\Users\\Alberto Corona\\OneDrive - Operadora Palermo\\Documentos\\NODEJS\\Friedman\\src\\index.js:25:37)"}}
2026-06-19 09:53:32 [info] Fin del proceso de exportacion. {"exitCode":1}
2026-06-19 10:48:24 [info] Inicio del proceso de exportacion.
2026-06-19 10:48:24 [info] Conectando a MySQL.
2026-06-19 10:48:24 [error] Error durante el proceso de exportacion. {"error":{"message":"Connections using insecure transport are prohibited while --require_secure_transport=ON.","stack":"Error: Connections using insecure transport are prohibited while --require_secure_transport=ON.\n    at Packet.asError (C:\\Users\\Alberto Corona\\OneDrive - Operadora Palermo\\Documentos\\NODEJS\\Friedman\\node_modules\\mysql2\\lib\\packets\\packet.js:791:17)\n    at ClientHandshake.execute (C:\\Users\\Alberto Corona\\OneDrive - Operadora Palermo\\Documentos\\NODEJS\\Friedman\\node_modules\\mysql2\\lib\\commands\\command.js:29:26)\n    at PoolConnection.handlePacket (C:\\Users\\Alberto Corona\\OneDrive - Operadora Palermo\\Documentos\\NODEJS\\Friedman\\node_modules\\mysql2\\lib\\base\\connection.js:552:34)\n    at PacketParser.onPacket (C:\\Users\\Alberto Corona\\OneDrive - Operadora Palermo\\Documentos\\NODEJS\\Friedman\\node_modules\\mysql2\\lib\\base\\connection.js:102:12)\n    at PacketParser.executeStart (C:\\Users\\Alberto Corona\\OneDrive - Operadora Palermo\\Documentos\\NODEJS\\Friedman\\node_modules\\mysql2\\lib\\packet_parser.js:75:16)\n    at Socket.<anonymous> (C:\\Users\\Alberto Corona\\OneDrive - Operadora Palermo\\Documentos\\NODEJS\\Friedman\\node_modules\\mysql2\\lib\\base\\connection.js:109:25)\n    at Socket.emit (node:events:519:28)\n    at addChunk (node:internal/streams/readable:561:12)\n    at readableAddChunkPushByteMode (node:internal/streams/readable:512:3)\n    at Readable.push (node:internal/streams/readable:392:5)","code":"ER_SECURE_TRANSPORT_REQUIRED","errno":3159,"sqlState":"HY000","sqlMessage":"Connections using insecure transport are prohibited while --require_secure_transport=ON."}}
2026-06-19 10:48:24 [info] Conexion MySQL cerrada.
2026-06-19 10:48:24 [info] Conexion FTP/FTPS cerrada.
2026-06-19 10:48:24 [info] Fin del proceso de exportacion. {"exitCode":1}
2026-06-19 10:52:31 [info] Inicio del proceso de exportacion.
2026-06-19 10:52:31 [info] Conectando a MySQL. {"host":"as.galio.net","port":61214,"database":"db214sposol","ssl":true}
2026-06-19 10:52:32 [info] Conexion MySQL establecida.
2026-06-19 10:52:32 [info] Procesando exportacion. {"name":"query1","filename":"query1.csv"}
2026-06-19 10:52:33 [info] Query ejecutado. {"name":"query1","records":20753}
2026-06-19 10:52:33 [info] Archivo CSV generado. {"name":"query1","records":20753,"file":"C:\\Users\\Alberto Corona\\OneDrive - Operadora Palermo\\Documentos\\NODEJS\\Friedman\\salida\\query1.csv"}
2026-06-19 10:52:33 [info] Procesando exportacion. {"name":"query2","filename":"query2.csv"}
2026-06-19 10:52:34 [info] Query ejecutado. {"name":"query2","records":0}
2026-06-19 10:52:34 [info] Archivo CSV generado. {"name":"query2","records":0,"file":"C:\\Users\\Alberto Corona\\OneDrive - Operadora Palermo\\Documentos\\NODEJS\\Friedman\\salida\\query2.csv"}
2026-06-19 10:52:34 [info] Conectando a FTP/FTPS. {"host":"ftp.arenacontinental.com.mx","remoteDir":"/","secure":false}
2026-06-19 10:52:35 [info] Conexion FTP/FTPS establecida.
2026-06-19 10:52:35 [info] Subiendo archivo FTP. {"localFile":"C:\\Users\\Alberto Corona\\OneDrive - Operadora Palermo\\Documentos\\NODEJS\\Friedman\\salida\\query1.csv","remoteFile":"query1.csv","remoteDir":"/"}
2026-06-19 10:52:35 [info] Carga FTP finalizada. {"localFile":"C:\\Users\\Alberto Corona\\OneDrive - Operadora Palermo\\Documentos\\NODEJS\\Friedman\\salida\\query1.csv","remoteFile":"query1.csv","remoteDir":"/"}
2026-06-19 10:52:35 [info] Subiendo archivo FTP. {"localFile":"C:\\Users\\Alberto Corona\\OneDrive - Operadora Palermo\\Documentos\\NODEJS\\Friedman\\salida\\query2.csv","remoteFile":"query2.csv","remoteDir":"/"}
2026-06-19 10:52:35 [info] Carga FTP finalizada. {"localFile":"C:\\Users\\Alberto Corona\\OneDrive - Operadora Palermo\\Documentos\\NODEJS\\Friedman\\salida\\query2.csv","remoteFile":"query2.csv","remoteDir":"/"}
2026-06-19 10:52:35 [info] Conexion MySQL cerrada.
2026-06-19 10:52:35 [info] Conexion FTP/FTPS cerrada.
2026-06-19 10:52:35 [info] Fin del proceso de exportacion. {"exitCode":0}
